2001.11.30 01:19 B C:\Documents and Settings\sgaston\Desktop\try3\BmpPro.aps --> aludra.usc.edu /auto/home-scf-23/sgaston/try3 BmpPro.aps
2001.11.30 01:19 B C:\Documents and Settings\sgaston\Desktop\try3\BmpPro.clw --> aludra.usc.edu /auto/home-scf-23/sgaston/try3 BmpPro.clw
2001.11.30 01:19 B C:\Documents and Settings\sgaston\Desktop\try3\BmpPro.cpp --> aludra.usc.edu /auto/home-scf-23/sgaston/try3 BmpPro.cpp
2001.11.30 01:19 B C:\Documents and Settings\sgaston\Desktop\try3\BmpPro.dsp --> aludra.usc.edu /auto/home-scf-23/sgaston/try3 BmpPro.dsp
2001.11.30 01:19 B C:\Documents and Settings\sgaston\Desktop\try3\BmpPro.dsw --> aludra.usc.edu /auto/home-scf-23/sgaston/try3 BmpPro.dsw
2001.11.30 01:19 B C:\Documents and Settings\sgaston\Desktop\try3\BmpPro.h --> aludra.usc.edu /auto/home-scf-23/sgaston/try3 BmpPro.h
2001.11.30 01:19 B C:\Documents and Settings\sgaston\Desktop\try3\BmpPro.ncb --> aludra.usc.edu /auto/home-scf-23/sgaston/try3 BmpPro.ncb
2001.11.30 01:19 B C:\Documents and Settings\sgaston\Desktop\try3\BmpPro.opt --> aludra.usc.edu /auto/home-scf-23/sgaston/try3 BmpPro.opt
2001.11.30 01:19 B C:\Documents and Settings\sgaston\Desktop\try3\BmpPro.plg --> aludra.usc.edu /auto/home-scf-23/sgaston/try3 BmpPro.plg
2001.11.30 01:19 B C:\Documents and Settings\sgaston\Desktop\try3\BmpPro.rc --> aludra.usc.edu /auto/home-scf-23/sgaston/try3 BmpPro.rc
2001.11.30 01:19 B C:\Documents and Settings\sgaston\Desktop\try3\BmpPro.reg --> aludra.usc.edu /auto/home-scf-23/sgaston/try3 BmpPro.reg
2001.11.30 01:19 B C:\Documents and Settings\sgaston\Desktop\try3\BmpProDoc.cpp --> aludra.usc.edu /auto/home-scf-23/sgaston/try3 BmpProDoc.cpp
2001.11.30 01:19 B C:\Documents and Settings\sgaston\Desktop\try3\BmpProDoc.h --> aludra.usc.edu /auto/home-scf-23/sgaston/try3 BmpProDoc.h
2001.11.30 01:19 B C:\Documents and Settings\sgaston\Desktop\try3\BmpProView.cpp --> aludra.usc.edu /auto/home-scf-23/sgaston/try3 BmpProView.cpp
2001.11.30 01:19 B C:\Documents and Settings\sgaston\Desktop\try3\BmpProView.h --> aludra.usc.edu /auto/home-scf-23/sgaston/try3 BmpProView.h
2001.11.30 01:19 B C:\Documents and Settings\sgaston\Desktop\try3\DoSwap.cpp --> aludra.usc.edu /auto/home-scf-23/sgaston/try3 DoSwap.cpp
2001.11.30 01:19 B C:\Documents and Settings\sgaston\Desktop\try3\DoSwap.h --> aludra.usc.edu /auto/home-scf-23/sgaston/try3 DoSwap.h
2001.11.30 01:19 B C:\Documents and Settings\sgaston\Desktop\try3\MainFrm.cpp --> aludra.usc.edu /auto/home-scf-23/sgaston/try3 MainFrm.cpp
2001.11.30 01:19 B C:\Documents and Settings\sgaston\Desktop\try3\MainFrm.h --> aludra.usc.edu /auto/home-scf-23/sgaston/try3 MainFrm.h
2001.11.30 01:19 B C:\Documents and Settings\sgaston\Desktop\try3\Mydebug.cpp --> aludra.usc.edu /auto/home-scf-23/sgaston/try3 Mydebug.cpp
2001.11.30 01:19 B C:\Documents and Settings\sgaston\Desktop\try3\Mydebug.h --> aludra.usc.edu /auto/home-scf-23/sgaston/try3 Mydebug.h
2001.11.30 01:19 B C:\Documents and Settings\sgaston\Desktop\try3\Picture.cpp --> aludra.usc.edu /auto/home-scf-23/sgaston/try3 Picture.cpp
2001.11.30 01:19 B C:\Documents and Settings\sgaston\Desktop\try3\Picture.h --> aludra.usc.edu /auto/home-scf-23/sgaston/try3 Picture.h
2001.11.30 01:19 B C:\Documents and Settings\sgaston\Desktop\try3\ReadMe.txt --> aludra.usc.edu /auto/home-scf-23/sgaston/try3 ReadMe.txt
2001.11.30 01:19 B C:\Documents and Settings\sgaston\Desktop\try3\RESOURCE.H --> aludra.usc.edu /auto/home-scf-23/sgaston/try3 RESOURCE.H
2001.11.30 01:19 B C:\Documents and Settings\sgaston\Desktop\try3\StdAfx.cpp --> aludra.usc.edu /auto/home-scf-23/sgaston/try3 StdAfx.cpp
2001.11.30 01:19 B C:\Documents and Settings\sgaston\Desktop\try3\StdAfx.h --> aludra.usc.edu /auto/home-scf-23/sgaston/try3 StdAfx.h
2001.12.03 21:52 B C:\a6-working\a6-working\WS_FTP.LOG --> aludra.usc.edu /auto/home-scf-10/mirzadeh/csci201/a6-working WS_FTP.LOG
2001.12.03 21:52 B C:\a6-working\a6-working\StdAfx.h --> aludra.usc.edu /auto/home-scf-10/mirzadeh/csci201/a6-working StdAfx.h
2001.12.03 21:52 B C:\a6-working\a6-working\StdAfx.cpp --> aludra.usc.edu /auto/home-scf-10/mirzadeh/csci201/a6-working StdAfx.cpp
2001.12.03 21:52 B C:\a6-working\a6-working\resource.h --> aludra.usc.edu /auto/home-scf-10/mirzadeh/csci201/a6-working resource.h
2001.12.03 21:52 B C:\a6-working\a6-working\ReadMe.txt --> aludra.usc.edu /auto/home-scf-10/mirzadeh/csci201/a6-working ReadMe.txt
2001.12.03 21:52 B C:\a6-working\a6-working\Picture.h --> aludra.usc.edu /auto/home-scf-10/mirzadeh/csci201/a6-working Picture.h
2001.12.03 21:52 B C:\a6-working\a6-working\Picture.cpp --> aludra.usc.edu /auto/home-scf-10/mirzadeh/csci201/a6-working Picture.cpp
2001.12.03 21:52 B C:\a6-working\a6-working\Mydebug.h --> aludra.usc.edu /auto/home-scf-10/mirzadeh/csci201/a6-working Mydebug.h
2001.12.03 21:52 B C:\a6-working\a6-working\Mydebug.cpp --> aludra.usc.edu /auto/home-scf-10/mirzadeh/csci201/a6-working Mydebug.cpp
2001.12.03 21:52 B C:\a6-working\a6-working\MainFrm.h --> aludra.usc.edu /auto/home-scf-10/mirzadeh/csci201/a6-working MainFrm.h
2001.12.03 21:52 B C:\a6-working\a6-working\MainFrm.cpp --> aludra.usc.edu /auto/home-scf-10/mirzadeh/csci201/a6-working MainFrm.cpp
2001.12.03 21:52 B C:\a6-working\a6-working\InvalidDialog.h --> aludra.usc.edu /auto/home-scf-10/mirzadeh/csci201/a6-working InvalidDialog.h
2001.12.03 21:52 B C:\a6-working\a6-working\InvalidDialog.cpp --> aludra.usc.edu /auto/home-scf-10/mirzadeh/csci201/a6-working InvalidDialog.cpp
2001.12.03 21:52 B C:\a6-working\a6-working\DoSwap.h --> aludra.usc.edu /auto/home-scf-10/mirzadeh/csci201/a6-working DoSwap.h
2001.12.03 21:52 B C:\a6-working\a6-working\DoSwap.cpp --> aludra.usc.edu /auto/home-scf-10/mirzadeh/csci201/a6-working DoSwap.cpp
2001.12.03 21:52 B C:\a6-working\a6-working\Dialog.h --> aludra.usc.edu /auto/home-scf-10/mirzadeh/csci201/a6-working Dialog.h
2001.12.03 21:52 B C:\a6-working\a6-working\Dialog.cpp --> aludra.usc.edu /auto/home-scf-10/mirzadeh/csci201/a6-working Dialog.cpp
2001.12.03 21:52 B C:\a6-working\a6-working\BmpProView.h --> aludra.usc.edu /auto/home-scf-10/mirzadeh/csci201/a6-working BmpProView.h
2001.12.03 21:52 B C:\a6-working\a6-working\BmpProView.cpp --> aludra.usc.edu /auto/home-scf-10/mirzadeh/csci201/a6-working BmpProView.cpp
2001.12.03 21:52 B C:\a6-working\a6-working\BmpProDoc.h --> aludra.usc.edu /auto/home-scf-10/mirzadeh/csci201/a6-working BmpProDoc.h
2001.12.03 21:52 B C:\a6-working\a6-working\BmpProDoc.cpp --> aludra.usc.edu /auto/home-scf-10/mirzadeh/csci201/a6-working BmpProDoc.cpp
2001.12.03 21:52 B C:\a6-working\a6-working\BmpPro.reg --> aludra.usc.edu /auto/home-scf-10/mirzadeh/csci201/a6-working BmpPro.reg
2001.12.03 21:52 B C:\a6-working\a6-working\BmpPro.rc --> aludra.usc.edu /auto/home-scf-10/mirzadeh/csci201/a6-working BmpPro.rc
2001.12.03 21:52 B C:\a6-working\a6-working\BmpPro.plg --> aludra.usc.edu /auto/home-scf-10/mirzadeh/csci201/a6-working BmpPro.plg
2001.12.03 21:52 B C:\a6-working\a6-working\BmpPro.opt --> aludra.usc.edu /auto/home-scf-10/mirzadeh/csci201/a6-working BmpPro.opt
2001.12.03 21:52 B C:\a6-working\a6-working\BmpPro.ncb --> aludra.usc.edu /auto/home-scf-10/mirzadeh/csci201/a6-working BmpPro.ncb
2001.12.03 21:52 B C:\a6-working\a6-working\BmpPro.h --> aludra.usc.edu /auto/home-scf-10/mirzadeh/csci201/a6-working BmpPro.h
2001.12.03 21:52 B C:\a6-working\a6-working\BmpPro.dsw --> aludra.usc.edu /auto/home-scf-10/mirzadeh/csci201/a6-working BmpPro.dsw
2001.12.03 21:52 B C:\a6-working\a6-working\BmpPro.dsp --> aludra.usc.edu /auto/home-scf-10/mirzadeh/csci201/a6-working BmpPro.dsp
2001.12.03 21:52 B C:\a6-working\a6-working\BmpPro.cpp --> aludra.usc.edu /auto/home-scf-10/mirzadeh/csci201/a6-working BmpPro.cpp
2001.12.03 21:52 B C:\a6-working\a6-working\BmpPro.clw --> aludra.usc.edu /auto/home-scf-10/mirzadeh/csci201/a6-working BmpPro.clw
2001.12.03 21:52 B C:\a6-working\a6-working\BmpPro.aps --> aludra.usc.edu /auto/home-scf-10/mirzadeh/csci201/a6-working BmpPro.aps
2001.12.03 22:48 B C:\a6-working\a6-working\BmpPro.aps --> aludra.usc.edu /auto/home-scf-10/mirzadeh/csci201/a6-working/a6-working BmpPro.aps
2001.12.03 22:48 B C:\a6-working\a6-working\BmpPro.clw --> aludra.usc.edu /auto/home-scf-10/mirzadeh/csci201/a6-working/a6-working BmpPro.clw
2001.12.03 22:48 B C:\a6-working\a6-working\BmpPro.cpp --> aludra.usc.edu /auto/home-scf-10/mirzadeh/csci201/a6-working/a6-working BmpPro.cpp
2001.12.03 22:48 B C:\a6-working\a6-working\BmpPro.dsp --> aludra.usc.edu /auto/home-scf-10/mirzadeh/csci201/a6-working/a6-working BmpPro.dsp
2001.12.03 22:48 B C:\a6-working\a6-working\BmpPro.dsw --> aludra.usc.edu /auto/home-scf-10/mirzadeh/csci201/a6-working/a6-working BmpPro.dsw
2001.12.03 22:48 B C:\a6-working\a6-working\BmpPro.h --> aludra.usc.edu /auto/home-scf-10/mirzadeh/csci201/a6-working/a6-working BmpPro.h
2001.12.03 22:48 B C:\a6-working\a6-working\BmpPro.ncb --> aludra.usc.edu /auto/home-scf-10/mirzadeh/csci201/a6-working/a6-working BmpPro.ncb
2001.12.03 22:48 B C:\a6-working\a6-working\BmpPro.opt --> aludra.usc.edu /auto/home-scf-10/mirzadeh/csci201/a6-working/a6-working BmpPro.opt
2001.12.03 22:48 B C:\a6-working\a6-working\BmpPro.plg --> aludra.usc.edu /auto/home-scf-10/mirzadeh/csci201/a6-working/a6-working BmpPro.plg
2001.12.03 22:48 B C:\a6-working\a6-working\BmpPro.rc --> aludra.usc.edu /auto/home-scf-10/mirzadeh/csci201/a6-working/a6-working BmpPro.rc
2001.12.03 22:48 B C:\a6-working\a6-working\BmpPro.reg --> aludra.usc.edu /auto/home-scf-10/mirzadeh/csci201/a6-working/a6-working BmpPro.reg
2001.12.03 22:48 B C:\a6-working\a6-working\BmpProDoc.cpp --> aludra.usc.edu /auto/home-scf-10/mirzadeh/csci201/a6-working/a6-working BmpProDoc.cpp
2001.12.03 22:48 B C:\a6-working\a6-working\BmpProDoc.h --> aludra.usc.edu /auto/home-scf-10/mirzadeh/csci201/a6-working/a6-working BmpProDoc.h
2001.12.03 22:48 B C:\a6-working\a6-working\BmpProView.cpp --> aludra.usc.edu /auto/home-scf-10/mirzadeh/csci201/a6-working/a6-working BmpProView.cpp
2001.12.03 22:48 B C:\a6-working\a6-working\BmpProView.h --> aludra.usc.edu /auto/home-scf-10/mirzadeh/csci201/a6-working/a6-working BmpProView.h
2001.12.03 22:48 B C:\a6-working\a6-working\Dialog.cpp --> aludra.usc.edu /auto/home-scf-10/mirzadeh/csci201/a6-working/a6-working Dialog.cpp
2001.12.03 22:48 B C:\a6-working\a6-working\Dialog.h --> aludra.usc.edu /auto/home-scf-10/mirzadeh/csci201/a6-working/a6-working Dialog.h
2001.12.03 22:48 B C:\a6-working\a6-working\DoSwap.cpp --> aludra.usc.edu /auto/home-scf-10/mirzadeh/csci201/a6-working/a6-working DoSwap.cpp
2001.12.03 22:48 B C:\a6-working\a6-working\DoSwap.h --> aludra.usc.edu /auto/home-scf-10/mirzadeh/csci201/a6-working/a6-working DoSwap.h
2001.12.03 22:48 B C:\a6-working\a6-working\InvalidDialog.cpp --> aludra.usc.edu /auto/home-scf-10/mirzadeh/csci201/a6-working/a6-working InvalidDialog.cpp
2001.12.03 22:48 B C:\a6-working\a6-working\InvalidDialog.h --> aludra.usc.edu /auto/home-scf-10/mirzadeh/csci201/a6-working/a6-working InvalidDialog.h
2001.12.03 22:48 B C:\a6-working\a6-working\MainFrm.cpp --> aludra.usc.edu /auto/home-scf-10/mirzadeh/csci201/a6-working/a6-working MainFrm.cpp
2001.12.03 22:48 B C:\a6-working\a6-working\MainFrm.h --> aludra.usc.edu /auto/home-scf-10/mirzadeh/csci201/a6-working/a6-working MainFrm.h
2001.12.03 22:48 B C:\a6-working\a6-working\Mydebug.cpp --> aludra.usc.edu /auto/home-scf-10/mirzadeh/csci201/a6-working/a6-working Mydebug.cpp
2001.12.03 22:48 B C:\a6-working\a6-working\Mydebug.h --> aludra.usc.edu /auto/home-scf-10/mirzadeh/csci201/a6-working/a6-working Mydebug.h
2001.12.03 22:49 B C:\a6-working\a6-working\Picture.cpp --> aludra.usc.edu /auto/home-scf-10/mirzadeh/csci201/a6-working/a6-working Picture.cpp
2001.12.03 22:49 B C:\a6-working\a6-working\Picture.h --> aludra.usc.edu /auto/home-scf-10/mirzadeh/csci201/a6-working/a6-working Picture.h
2001.12.03 22:49 B C:\a6-working\a6-working\ReadMe.txt --> aludra.usc.edu /auto/home-scf-10/mirzadeh/csci201/a6-working/a6-working ReadMe.txt
2001.12.03 22:49 B C:\a6-working\a6-working\resource.h --> aludra.usc.edu /auto/home-scf-10/mirzadeh/csci201/a6-working/a6-working resource.h
2001.12.03 22:49 B C:\a6-working\a6-working\StdAfx.cpp --> aludra.usc.edu /auto/home-scf-10/mirzadeh/csci201/a6-working/a6-working StdAfx.cpp
2001.12.03 22:49 B C:\a6-working\a6-working\StdAfx.h --> aludra.usc.edu /auto/home-scf-10/mirzadeh/csci201/a6-working/a6-working StdAfx.h
2001.12.03 22:49 B C:\a6-working\a6-working\WS_FTP.LOG --> aludra.usc.edu /auto/home-scf-10/mirzadeh/csci201/a6-working/a6-working WS_FTP.LOG
2001.12.03 22:49 B C:\a6-working\a6-working\WS_FTP.LOG --> aludra.usc.edu /auto/home-scf-10/mirzadeh/csci201/a6-working/a6-working WS_FTP.LOG
2001.12.03 22:50 B C:\a6-working\a6-working\BmpPro.aps --> aludra.usc.edu /auto/home-scf-23/sgaston/a6-working/a6-working BmpPro.aps
2001.12.03 22:50 B C:\a6-working\a6-working\BmpPro.clw --> aludra.usc.edu /auto/home-scf-23/sgaston/a6-working/a6-working BmpPro.clw
2001.12.03 22:50 B C:\a6-working\a6-working\BmpPro.cpp --> aludra.usc.edu /auto/home-scf-23/sgaston/a6-working/a6-working BmpPro.cpp
2001.12.03 22:50 B C:\a6-working\a6-working\BmpPro.dsp --> aludra.usc.edu /auto/home-scf-23/sgaston/a6-working/a6-working BmpPro.dsp
2001.12.03 22:50 B C:\a6-working\a6-working\BmpPro.dsw --> aludra.usc.edu /auto/home-scf-23/sgaston/a6-working/a6-working BmpPro.dsw
2001.12.03 22:50 B C:\a6-working\a6-working\BmpPro.h --> aludra.usc.edu /auto/home-scf-23/sgaston/a6-working/a6-working BmpPro.h
2001.12.03 22:50 B C:\a6-working\a6-working\BmpPro.ncb --> aludra.usc.edu /auto/home-scf-23/sgaston/a6-working/a6-working BmpPro.ncb
2001.12.03 22:50 B C:\a6-working\a6-working\BmpPro.opt --> aludra.usc.edu /auto/home-scf-23/sgaston/a6-working/a6-working BmpPro.opt
2001.12.03 22:50 B C:\a6-working\a6-working\BmpPro.plg --> aludra.usc.edu /auto/home-scf-23/sgaston/a6-working/a6-working BmpPro.plg
2001.12.03 22:50 B C:\a6-working\a6-working\BmpPro.rc --> aludra.usc.edu /auto/home-scf-23/sgaston/a6-working/a6-working BmpPro.rc
2001.12.03 22:50 B C:\a6-working\a6-working\BmpPro.reg --> aludra.usc.edu /auto/home-scf-23/sgaston/a6-working/a6-working BmpPro.reg
2001.12.03 22:50 B C:\a6-working\a6-working\BmpProDoc.cpp --> aludra.usc.edu /auto/home-scf-23/sgaston/a6-working/a6-working BmpProDoc.cpp
2001.12.03 22:50 B C:\a6-working\a6-working\BmpProDoc.h --> aludra.usc.edu /auto/home-scf-23/sgaston/a6-working/a6-working BmpProDoc.h
2001.12.03 22:50 B C:\a6-working\a6-working\BmpProView.cpp --> aludra.usc.edu /auto/home-scf-23/sgaston/a6-working/a6-working BmpProView.cpp
2001.12.03 22:50 B C:\a6-working\a6-working\BmpProView.h --> aludra.usc.edu /auto/home-scf-23/sgaston/a6-working/a6-working BmpProView.h
2001.12.03 22:50 B C:\a6-working\a6-working\Dialog.cpp --> aludra.usc.edu /auto/home-scf-23/sgaston/a6-working/a6-working Dialog.cpp
2001.12.03 22:50 B C:\a6-working\a6-working\Dialog.h --> aludra.usc.edu /auto/home-scf-23/sgaston/a6-working/a6-working Dialog.h
2001.12.03 22:50 B C:\a6-working\a6-working\DoSwap.cpp --> aludra.usc.edu /auto/home-scf-23/sgaston/a6-working/a6-working DoSwap.cpp
2001.12.03 22:50 B C:\a6-working\a6-working\DoSwap.h --> aludra.usc.edu /auto/home-scf-23/sgaston/a6-working/a6-working DoSwap.h
2001.12.03 22:50 B C:\a6-working\a6-working\InvalidDialog.cpp --> aludra.usc.edu /auto/home-scf-23/sgaston/a6-working/a6-working InvalidDialog.cpp
2001.12.03 22:50 B C:\a6-working\a6-working\InvalidDialog.h --> aludra.usc.edu /auto/home-scf-23/sgaston/a6-working/a6-working InvalidDialog.h
2001.12.03 22:50 B C:\a6-working\a6-working\MainFrm.cpp --> aludra.usc.edu /auto/home-scf-23/sgaston/a6-working/a6-working MainFrm.cpp
2001.12.03 22:50 B C:\a6-working\a6-working\MainFrm.h --> aludra.usc.edu /auto/home-scf-23/sgaston/a6-working/a6-working MainFrm.h
2001.12.03 22:50 B C:\a6-working\a6-working\Mydebug.cpp --> aludra.usc.edu /auto/home-scf-23/sgaston/a6-working/a6-working Mydebug.cpp
2001.12.03 22:50 B C:\a6-working\a6-working\Mydebug.h --> aludra.usc.edu /auto/home-scf-23/sgaston/a6-working/a6-working Mydebug.h
2001.12.03 22:50 B C:\a6-working\a6-working\Picture.cpp --> aludra.usc.edu /auto/home-scf-23/sgaston/a6-working/a6-working Picture.cpp
2001.12.03 22:50 B C:\a6-working\a6-working\Picture.h --> aludra.usc.edu /auto/home-scf-23/sgaston/a6-working/a6-working Picture.h
2001.12.03 22:50 B C:\a6-working\a6-working\ReadMe.txt --> aludra.usc.edu /auto/home-scf-23/sgaston/a6-working/a6-working ReadMe.txt
2001.12.03 22:50 B C:\a6-working\a6-working\resource.h --> aludra.usc.edu /auto/home-scf-23/sgaston/a6-working/a6-working resource.h
2001.12.03 22:50 B C:\a6-working\a6-working\StdAfx.cpp --> aludra.usc.edu /auto/home-scf-23/sgaston/a6-working/a6-working StdAfx.cpp
2001.12.03 22:50 B C:\a6-working\a6-working\StdAfx.h --> aludra.usc.edu /auto/home-scf-23/sgaston/a6-working/a6-working StdAfx.h
2001.12.03 23:10 B C:\Documents and Settings\sgaston\Desktop\a6-working\a6-working\WS_FTP.LOG <-- aludra.usc.edu /auto/home-scf-23/sgaston/a6-working/a6-working WS_FTP.LOG
2001.12.05 05:11 B C:\Documents and Settings\sgaston\Desktop\newA6\a6-working\BmpPro.aps --> aludra.usc.edu /auto/home-scf-23/sgaston/newA6/a6-working BmpPro.aps
2001.12.05 05:11 B C:\Documents and Settings\sgaston\Desktop\newA6\a6-working\BmpPro.clw --> aludra.usc.edu /auto/home-scf-23/sgaston/newA6/a6-working BmpPro.clw
2001.12.05 05:11 B C:\Documents and Settings\sgaston\Desktop\newA6\a6-working\BmpPro.cpp --> aludra.usc.edu /auto/home-scf-23/sgaston/newA6/a6-working BmpPro.cpp
2001.12.05 05:11 B C:\Documents and Settings\sgaston\Desktop\newA6\a6-working\BmpPro.dsp --> aludra.usc.edu /auto/home-scf-23/sgaston/newA6/a6-working BmpPro.dsp
2001.12.05 05:11 B C:\Documents and Settings\sgaston\Desktop\newA6\a6-working\BmpPro.dsw --> aludra.usc.edu /auto/home-scf-23/sgaston/newA6/a6-working BmpPro.dsw
2001.12.05 05:11 B C:\Documents and Settings\sgaston\Desktop\newA6\a6-working\BmpPro.h --> aludra.usc.edu /auto/home-scf-23/sgaston/newA6/a6-working BmpPro.h
2001.12.05 05:11 B C:\Documents and Settings\sgaston\Desktop\newA6\a6-working\BmpPro.ncb --> aludra.usc.edu /auto/home-scf-23/sgaston/newA6/a6-working BmpPro.ncb
2001.12.05 05:11 B C:\Documents and Settings\sgaston\Desktop\newA6\a6-working\BmpPro.opt --> aludra.usc.edu /auto/home-scf-23/sgaston/newA6/a6-working BmpPro.opt
2001.12.05 05:11 B C:\Documents and Settings\sgaston\Desktop\newA6\a6-working\BmpPro.plg --> aludra.usc.edu /auto/home-scf-23/sgaston/newA6/a6-working BmpPro.plg
2001.12.05 05:11 B C:\Documents and Settings\sgaston\Desktop\newA6\a6-working\BmpPro.rc --> aludra.usc.edu /auto/home-scf-23/sgaston/newA6/a6-working BmpPro.rc
2001.12.05 05:11 B C:\Documents and Settings\sgaston\Desktop\newA6\a6-working\BmpPro.reg --> aludra.usc.edu /auto/home-scf-23/sgaston/newA6/a6-working BmpPro.reg
2001.12.05 05:11 B C:\Documents and Settings\sgaston\Desktop\newA6\a6-working\BmpProDoc.cpp --> aludra.usc.edu /auto/home-scf-23/sgaston/newA6/a6-working BmpProDoc.cpp
2001.12.05 05:11 B C:\Documents and Settings\sgaston\Desktop\newA6\a6-working\BmpProDoc.h --> aludra.usc.edu /auto/home-scf-23/sgaston/newA6/a6-working BmpProDoc.h
2001.12.05 05:11 B C:\Documents and Settings\sgaston\Desktop\newA6\a6-working\BmpProView.cpp --> aludra.usc.edu /auto/home-scf-23/sgaston/newA6/a6-working BmpProView.cpp
2001.12.05 05:11 B C:\Documents and Settings\sgaston\Desktop\newA6\a6-working\BmpProView.h --> aludra.usc.edu /auto/home-scf-23/sgaston/newA6/a6-working BmpProView.h
2001.12.05 05:11 B C:\Documents and Settings\sgaston\Desktop\newA6\a6-working\Dialog.cpp --> aludra.usc.edu /auto/home-scf-23/sgaston/newA6/a6-working Dialog.cpp
2001.12.05 05:11 B C:\Documents and Settings\sgaston\Desktop\newA6\a6-working\Dialog.h --> aludra.usc.edu /auto/home-scf-23/sgaston/newA6/a6-working Dialog.h
2001.12.05 05:11 B C:\Documents and Settings\sgaston\Desktop\newA6\a6-working\DialogQuit.cpp --> aludra.usc.edu /auto/home-scf-23/sgaston/newA6/a6-working DialogQuit.cpp
2001.12.05 05:11 B C:\Documents and Settings\sgaston\Desktop\newA6\a6-working\DialogQuit.h --> aludra.usc.edu /auto/home-scf-23/sgaston/newA6/a6-working DialogQuit.h
2001.12.05 05:11 B C:\Documents and Settings\sgaston\Desktop\newA6\a6-working\DoSwap.cpp --> aludra.usc.edu /auto/home-scf-23/sgaston/newA6/a6-working DoSwap.cpp
2001.12.05 05:11 B C:\Documents and Settings\sgaston\Desktop\newA6\a6-working\DoSwap.h --> aludra.usc.edu /auto/home-scf-23/sgaston/newA6/a6-working DoSwap.h
2001.12.05 05:11 B C:\Documents and Settings\sgaston\Desktop\newA6\a6-working\InvalidClick.cpp --> aludra.usc.edu /auto/home-scf-23/sgaston/newA6/a6-working InvalidClick.cpp
2001.12.05 05:11 B C:\Documents and Settings\sgaston\Desktop\newA6\a6-working\InvalidClick.h --> aludra.usc.edu /auto/home-scf-23/sgaston/newA6/a6-working InvalidClick.h
2001.12.05 05:11 B C:\Documents and Settings\sgaston\Desktop\newA6\a6-working\InvalidDialog.cpp --> aludra.usc.edu /auto/home-scf-23/sgaston/newA6/a6-working InvalidDialog.cpp
2001.12.05 05:11 B C:\Documents and Settings\sgaston\Desktop\newA6\a6-working\InvalidDialog.h --> aludra.usc.edu /auto/home-scf-23/sgaston/newA6/a6-working InvalidDialog.h
2001.12.05 05:11 B C:\Documents and Settings\sgaston\Desktop\newA6\a6-working\MainFrm.cpp --> aludra.usc.edu /auto/home-scf-23/sgaston/newA6/a6-working MainFrm.cpp
2001.12.05 05:11 B C:\Documents and Settings\sgaston\Desktop\newA6\a6-working\MainFrm.h --> aludra.usc.edu /auto/home-scf-23/sgaston/newA6/a6-working MainFrm.h
2001.12.05 05:11 B C:\Documents and Settings\sgaston\Desktop\newA6\a6-working\Mydebug.cpp --> aludra.usc.edu /auto/home-scf-23/sgaston/newA6/a6-working Mydebug.cpp
2001.12.05 05:11 B C:\Documents and Settings\sgaston\Desktop\newA6\a6-working\Mydebug.h --> aludra.usc.edu /auto/home-scf-23/sgaston/newA6/a6-working Mydebug.h
2001.12.05 05:11 B C:\Documents and Settings\sgaston\Desktop\newA6\a6-working\Picture.cpp --> aludra.usc.edu /auto/home-scf-23/sgaston/newA6/a6-working Picture.cpp
2001.12.05 05:11 B C:\Documents and Settings\sgaston\Desktop\newA6\a6-working\Picture.h --> aludra.usc.edu /auto/home-scf-23/sgaston/newA6/a6-working Picture.h
2001.12.05 05:11 B C:\Documents and Settings\sgaston\Desktop\newA6\a6-working\ReadMe.txt --> aludra.usc.edu /auto/home-scf-23/sgaston/newA6/a6-working ReadMe.txt
2001.12.05 05:11 B C:\Documents and Settings\sgaston\Desktop\newA6\a6-working\resource.h --> aludra.usc.edu /auto/home-scf-23/sgaston/newA6/a6-working resource.h
2001.12.05 05:11 B C:\Documents and Settings\sgaston\Desktop\newA6\a6-working\StdAfx.cpp --> aludra.usc.edu /auto/home-scf-23/sgaston/newA6/a6-working StdAfx.cpp
2001.12.05 05:11 B C:\Documents and Settings\sgaston\Desktop\newA6\a6-working\StdAfx.h --> aludra.usc.edu /auto/home-scf-23/sgaston/newA6/a6-working StdAfx.h
2002.10.09 00:04 B C:\Documents and Settings\CSci - (steve)\Desktop\a6-working\WS_FTP.LOG <-- aludra.usc.edu /auto/home-scf-23/sgaston/newA6/a6-working WS_FTP.LOG
