2001.11.30 01:19 B C:\Documents and Settings\sgaston\Desktop\try3\RES\BGMAIN.BMP --> aludra.usc.edu /auto/home-scf-23/sgaston/try3/RES BGMAIN.BMP
2001.11.30 01:19 B C:\Documents and Settings\sgaston\Desktop\try3\RES\BmpPro.ico --> aludra.usc.edu /auto/home-scf-23/sgaston/try3/RES BmpPro.ico
2001.11.30 01:19 B C:\Documents and Settings\sgaston\Desktop\try3\RES\BmpPro.rc2 --> aludra.usc.edu /auto/home-scf-23/sgaston/try3/RES BmpPro.rc2
2001.11.30 01:19 B C:\Documents and Settings\sgaston\Desktop\try3\RES\BmpProDoc.ico --> aludra.usc.edu /auto/home-scf-23/sgaston/try3/RES BmpProDoc.ico
2001.11.30 01:19 B C:\Documents and Settings\sgaston\Desktop\try3\RES\GEM1.BMP --> aludra.usc.edu /auto/home-scf-23/sgaston/try3/RES GEM1.BMP
2001.12.03 21:52 B C:\a6-working\a6-working\RES\WS_FTP.LOG --> aludra.usc.edu /auto/home-scf-10/mirzadeh/csci201/a6-working/RES WS_FTP.LOG
2001.12.03 21:52 B C:\a6-working\a6-working\RES\GEM1.BMP --> aludra.usc.edu /auto/home-scf-10/mirzadeh/csci201/a6-working/RES GEM1.BMP
2001.12.03 21:52 B C:\a6-working\a6-working\RES\BmpProDoc.ico --> aludra.usc.edu /auto/home-scf-10/mirzadeh/csci201/a6-working/RES BmpProDoc.ico
2001.12.03 21:52 B C:\a6-working\a6-working\RES\BmpPro.rc2 --> aludra.usc.edu /auto/home-scf-10/mirzadeh/csci201/a6-working/RES BmpPro.rc2
2001.12.03 21:52 B C:\a6-working\a6-working\RES\BmpPro.ico --> aludra.usc.edu /auto/home-scf-10/mirzadeh/csci201/a6-working/RES BmpPro.ico
2001.12.03 21:52 B C:\a6-working\a6-working\RES\bgmain.bmp --> aludra.usc.edu /auto/home-scf-10/mirzadeh/csci201/a6-working/RES bgmain.bmp
2001.12.03 22:48 B C:\a6-working\a6-working\RES\bgmain.bmp --> aludra.usc.edu /auto/home-scf-10/mirzadeh/csci201/a6-working/a6-working/RES bgmain.bmp
2001.12.03 22:48 B C:\a6-working\a6-working\RES\BmpPro.ico --> aludra.usc.edu /auto/home-scf-10/mirzadeh/csci201/a6-working/a6-working/RES BmpPro.ico
2001.12.03 22:48 B C:\a6-working\a6-working\RES\BmpPro.rc2 --> aludra.usc.edu /auto/home-scf-10/mirzadeh/csci201/a6-working/a6-working/RES BmpPro.rc2
2001.12.03 22:48 B C:\a6-working\a6-working\RES\BmpProDoc.ico --> aludra.usc.edu /auto/home-scf-10/mirzadeh/csci201/a6-working/a6-working/RES BmpProDoc.ico
2001.12.03 22:48 B C:\a6-working\a6-working\RES\GEM1.BMP --> aludra.usc.edu /auto/home-scf-10/mirzadeh/csci201/a6-working/a6-working/RES GEM1.BMP
2001.12.03 22:48 B C:\a6-working\a6-working\RES\WS_FTP.LOG --> aludra.usc.edu /auto/home-scf-10/mirzadeh/csci201/a6-working/a6-working/RES WS_FTP.LOG
2001.12.03 22:49 B C:\a6-working\a6-working\RES\WS_FTP.LOG --> aludra.usc.edu /auto/home-scf-10/mirzadeh/csci201/a6-working/a6-working/RES WS_FTP.LOG
2001.12.03 22:50 B C:\a6-working\a6-working\RES\bgmain.bmp --> aludra.usc.edu /auto/home-scf-23/sgaston/a6-working/a6-working/RES bgmain.bmp
2001.12.03 22:50 B C:\a6-working\a6-working\RES\BmpPro.ico --> aludra.usc.edu /auto/home-scf-23/sgaston/a6-working/a6-working/RES BmpPro.ico
2001.12.03 22:50 B C:\a6-working\a6-working\RES\BmpPro.rc2 --> aludra.usc.edu /auto/home-scf-23/sgaston/a6-working/a6-working/RES BmpPro.rc2
2001.12.03 22:50 B C:\a6-working\a6-working\RES\BmpProDoc.ico --> aludra.usc.edu /auto/home-scf-23/sgaston/a6-working/a6-working/RES BmpProDoc.ico
2001.12.03 22:50 B C:\a6-working\a6-working\RES\GEM1.BMP --> aludra.usc.edu /auto/home-scf-23/sgaston/a6-working/a6-working/RES GEM1.BMP
2001.12.03 23:10 B C:\Documents and Settings\sgaston\Desktop\a6-working\a6-working\RES\WS_FTP.LOG <-- aludra.usc.edu /auto/home-scf-23/sgaston/a6-working/a6-working/RES WS_FTP.LOG
2001.12.05 05:11 B C:\Documents and Settings\sgaston\Desktop\newA6\a6-working\RES\bgmain.bmp --> aludra.usc.edu /auto/home-scf-23/sgaston/newA6/a6-working/RES bgmain.bmp
2001.12.05 05:11 B C:\Documents and Settings\sgaston\Desktop\newA6\a6-working\RES\BmpPro.ico --> aludra.usc.edu /auto/home-scf-23/sgaston/newA6/a6-working/RES BmpPro.ico
2001.12.05 05:11 B C:\Documents and Settings\sgaston\Desktop\newA6\a6-working\RES\BmpPro.rc2 --> aludra.usc.edu /auto/home-scf-23/sgaston/newA6/a6-working/RES BmpPro.rc2
2001.12.05 05:11 B C:\Documents and Settings\sgaston\Desktop\newA6\a6-working\RES\BmpProDoc.ico --> aludra.usc.edu /auto/home-scf-23/sgaston/newA6/a6-working/RES BmpProDoc.ico
2001.12.05 05:11 B C:\Documents and Settings\sgaston\Desktop\newA6\a6-working\RES\GEM1.BMP --> aludra.usc.edu /auto/home-scf-23/sgaston/newA6/a6-working/RES GEM1.BMP
2002.10.09 00:03 B C:\Documents and Settings\CSci - (steve)\Desktop\a6-working\RES\WS_FTP.LOG <-- aludra.usc.edu /auto/home-scf-23/sgaston/newA6/a6-working/RES WS_FTP.LOG
