2001.11.30 01:11 B C:\Documents and Settings\sgaston\Desktop\try3\IMAGE\BGMAIN.BMP --> aludra.usc.edu /auto/home-scf-23/sgaston/try3/IMAGE BGMAIN.BMP
2001.11.30 01:19 B C:\Documents and Settings\sgaston\Desktop\try3\IMAGE\BGMAIN.BMP --> aludra.usc.edu /auto/home-scf-23/sgaston/try3/IMAGE BGMAIN.BMP
2001.11.30 01:19 B C:\Documents and Settings\sgaston\Desktop\try3\IMAGE\BITMAP6.BMP --> aludra.usc.edu /auto/home-scf-23/sgaston/try3/IMAGE BITMAP6.BMP
2001.11.30 01:19 B C:\Documents and Settings\sgaston\Desktop\try3\IMAGE\CURSOR.BMP --> aludra.usc.edu /auto/home-scf-23/sgaston/try3/IMAGE CURSOR.BMP
2001.11.30 01:19 B C:\Documents and Settings\sgaston\Desktop\try3\IMAGE\GEM1.BMP --> aludra.usc.edu /auto/home-scf-23/sgaston/try3/IMAGE GEM1.BMP
2001.11.30 01:19 B C:\Documents and Settings\sgaston\Desktop\try3\IMAGE\GEM2.BMP --> aludra.usc.edu /auto/home-scf-23/sgaston/try3/IMAGE GEM2.BMP
2001.11.30 01:19 B C:\Documents and Settings\sgaston\Desktop\try3\IMAGE\GEM3.BMP --> aludra.usc.edu /auto/home-scf-23/sgaston/try3/IMAGE GEM3.BMP
2001.11.30 01:19 B C:\Documents and Settings\sgaston\Desktop\try3\IMAGE\GEM4.BMP --> aludra.usc.edu /auto/home-scf-23/sgaston/try3/IMAGE GEM4.BMP
2001.11.30 01:19 B C:\Documents and Settings\sgaston\Desktop\try3\IMAGE\GEM5.BMP --> aludra.usc.edu /auto/home-scf-23/sgaston/try3/IMAGE GEM5.BMP
2001.11.30 01:19 B C:\Documents and Settings\sgaston\Desktop\try3\IMAGE\GEM6.BMP --> aludra.usc.edu /auto/home-scf-23/sgaston/try3/IMAGE GEM6.BMP
2001.11.30 01:19 B C:\Documents and Settings\sgaston\Desktop\try3\IMAGE\GEM7.BMP --> aludra.usc.edu /auto/home-scf-23/sgaston/try3/IMAGE GEM7.BMP
2001.11.30 01:19 B C:\Documents and Settings\sgaston\Desktop\try3\IMAGE\WS_FTP.LOG --> aludra.usc.edu /auto/home-scf-23/sgaston/try3/IMAGE WS_FTP.LOG
2001.12.03 21:52 B C:\a6-working\a6-working\IMAGE\WS_FTP.LOG --> aludra.usc.edu /auto/home-scf-10/mirzadeh/csci201/a6-working/IMAGE WS_FTP.LOG
2001.12.03 21:52 B C:\a6-working\a6-working\IMAGE\GEM7.BMP --> aludra.usc.edu /auto/home-scf-10/mirzadeh/csci201/a6-working/IMAGE GEM7.BMP
2001.12.03 21:52 B C:\a6-working\a6-working\IMAGE\GEM6.BMP --> aludra.usc.edu /auto/home-scf-10/mirzadeh/csci201/a6-working/IMAGE GEM6.BMP
2001.12.03 21:52 B C:\a6-working\a6-working\IMAGE\GEM5.BMP --> aludra.usc.edu /auto/home-scf-10/mirzadeh/csci201/a6-working/IMAGE GEM5.BMP
2001.12.03 21:52 B C:\a6-working\a6-working\IMAGE\GEM4.BMP --> aludra.usc.edu /auto/home-scf-10/mirzadeh/csci201/a6-working/IMAGE GEM4.BMP
2001.12.03 21:52 B C:\a6-working\a6-working\IMAGE\GEM3.BMP --> aludra.usc.edu /auto/home-scf-10/mirzadeh/csci201/a6-working/IMAGE GEM3.BMP
2001.12.03 21:52 B C:\a6-working\a6-working\IMAGE\GEM2.BMP --> aludra.usc.edu /auto/home-scf-10/mirzadeh/csci201/a6-working/IMAGE GEM2.BMP
2001.12.03 21:52 B C:\a6-working\a6-working\IMAGE\GEM1.BMP --> aludra.usc.edu /auto/home-scf-10/mirzadeh/csci201/a6-working/IMAGE GEM1.BMP
2001.12.03 21:52 B C:\a6-working\a6-working\IMAGE\CURSOR.BMP --> aludra.usc.edu /auto/home-scf-10/mirzadeh/csci201/a6-working/IMAGE CURSOR.BMP
2001.12.03 21:52 B C:\a6-working\a6-working\IMAGE\BITMAP6.BMP --> aludra.usc.edu /auto/home-scf-10/mirzadeh/csci201/a6-working/IMAGE BITMAP6.BMP
2001.12.03 21:52 B C:\a6-working\a6-working\IMAGE\BGMAIN.BMP --> aludra.usc.edu /auto/home-scf-10/mirzadeh/csci201/a6-working/IMAGE BGMAIN.BMP
2001.12.03 21:52 B C:\a6-working\a6-working\IMAGE\bejforwin.bmp --> aludra.usc.edu /auto/home-scf-10/mirzadeh/csci201/a6-working/IMAGE bejforwin.bmp
2001.12.03 22:48 B C:\a6-working\a6-working\IMAGE\bejforwin.bmp --> aludra.usc.edu /auto/home-scf-10/mirzadeh/csci201/a6-working/a6-working/IMAGE bejforwin.bmp
2001.12.03 22:48 B C:\a6-working\a6-working\IMAGE\BGMAIN.BMP --> aludra.usc.edu /auto/home-scf-10/mirzadeh/csci201/a6-working/a6-working/IMAGE BGMAIN.BMP
2001.12.03 22:48 B C:\a6-working\a6-working\IMAGE\BITMAP6.BMP --> aludra.usc.edu /auto/home-scf-10/mirzadeh/csci201/a6-working/a6-working/IMAGE BITMAP6.BMP
2001.12.03 22:48 B C:\a6-working\a6-working\IMAGE\CURSOR.BMP --> aludra.usc.edu /auto/home-scf-10/mirzadeh/csci201/a6-working/a6-working/IMAGE CURSOR.BMP
2001.12.03 22:48 B C:\a6-working\a6-working\IMAGE\GEM1.BMP --> aludra.usc.edu /auto/home-scf-10/mirzadeh/csci201/a6-working/a6-working/IMAGE GEM1.BMP
2001.12.03 22:48 B C:\a6-working\a6-working\IMAGE\GEM2.BMP --> aludra.usc.edu /auto/home-scf-10/mirzadeh/csci201/a6-working/a6-working/IMAGE GEM2.BMP
2001.12.03 22:48 B C:\a6-working\a6-working\IMAGE\GEM3.BMP --> aludra.usc.edu /auto/home-scf-10/mirzadeh/csci201/a6-working/a6-working/IMAGE GEM3.BMP
2001.12.03 22:48 B C:\a6-working\a6-working\IMAGE\GEM4.BMP --> aludra.usc.edu /auto/home-scf-10/mirzadeh/csci201/a6-working/a6-working/IMAGE GEM4.BMP
2001.12.03 22:48 B C:\a6-working\a6-working\IMAGE\GEM5.BMP --> aludra.usc.edu /auto/home-scf-10/mirzadeh/csci201/a6-working/a6-working/IMAGE GEM5.BMP
2001.12.03 22:48 B C:\a6-working\a6-working\IMAGE\GEM6.BMP --> aludra.usc.edu /auto/home-scf-10/mirzadeh/csci201/a6-working/a6-working/IMAGE GEM6.BMP
2001.12.03 22:48 B C:\a6-working\a6-working\IMAGE\GEM7.BMP --> aludra.usc.edu /auto/home-scf-10/mirzadeh/csci201/a6-working/a6-working/IMAGE GEM7.BMP
2001.12.03 22:48 B C:\a6-working\a6-working\IMAGE\WS_FTP.LOG --> aludra.usc.edu /auto/home-scf-10/mirzadeh/csci201/a6-working/a6-working/IMAGE WS_FTP.LOG
2001.12.03 22:49 B C:\a6-working\a6-working\IMAGE\WS_FTP.LOG --> aludra.usc.edu /auto/home-scf-10/mirzadeh/csci201/a6-working/a6-working/IMAGE WS_FTP.LOG
2001.12.03 22:49 B C:\a6-working\a6-working\IMAGE\bejforwin.bmp --> aludra.usc.edu /auto/home-scf-23/sgaston/a6-working/a6-working/IMAGE bejforwin.bmp
2001.12.03 22:50 B C:\a6-working\a6-working\IMAGE\BGMAIN.BMP --> aludra.usc.edu /auto/home-scf-23/sgaston/a6-working/a6-working/IMAGE BGMAIN.BMP
2001.12.03 22:50 B C:\a6-working\a6-working\IMAGE\BITMAP6.BMP --> aludra.usc.edu /auto/home-scf-23/sgaston/a6-working/a6-working/IMAGE BITMAP6.BMP
2001.12.03 22:50 B C:\a6-working\a6-working\IMAGE\CURSOR.BMP --> aludra.usc.edu /auto/home-scf-23/sgaston/a6-working/a6-working/IMAGE CURSOR.BMP
2001.12.03 22:50 B C:\a6-working\a6-working\IMAGE\GEM1.BMP --> aludra.usc.edu /auto/home-scf-23/sgaston/a6-working/a6-working/IMAGE GEM1.BMP
2001.12.03 22:50 B C:\a6-working\a6-working\IMAGE\GEM2.BMP --> aludra.usc.edu /auto/home-scf-23/sgaston/a6-working/a6-working/IMAGE GEM2.BMP
2001.12.03 22:50 B C:\a6-working\a6-working\IMAGE\GEM3.BMP --> aludra.usc.edu /auto/home-scf-23/sgaston/a6-working/a6-working/IMAGE GEM3.BMP
2001.12.03 22:50 B C:\a6-working\a6-working\IMAGE\GEM4.BMP --> aludra.usc.edu /auto/home-scf-23/sgaston/a6-working/a6-working/IMAGE GEM4.BMP
2001.12.03 22:50 B C:\a6-working\a6-working\IMAGE\GEM5.BMP --> aludra.usc.edu /auto/home-scf-23/sgaston/a6-working/a6-working/IMAGE GEM5.BMP
2001.12.03 22:50 B C:\a6-working\a6-working\IMAGE\GEM6.BMP --> aludra.usc.edu /auto/home-scf-23/sgaston/a6-working/a6-working/IMAGE GEM6.BMP
2001.12.03 22:50 B C:\a6-working\a6-working\IMAGE\GEM7.BMP --> aludra.usc.edu /auto/home-scf-23/sgaston/a6-working/a6-working/IMAGE GEM7.BMP
2001.12.03 23:10 B C:\Documents and Settings\sgaston\Desktop\a6-working\a6-working\IMAGE\WS_FTP.LOG <-- aludra.usc.edu /auto/home-scf-23/sgaston/a6-working/a6-working/IMAGE WS_FTP.LOG
2001.12.05 05:11 B C:\Documents and Settings\sgaston\Desktop\newA6\a6-working\IMAGE\AnimationGem1.bmp --> aludra.usc.edu /auto/home-scf-23/sgaston/newA6/a6-working/IMAGE AnimationGem1.bmp
2001.12.05 05:11 B C:\Documents and Settings\sgaston\Desktop\newA6\a6-working\IMAGE\animationgem3.bmp --> aludra.usc.edu /auto/home-scf-23/sgaston/newA6/a6-working/IMAGE animationgem3.bmp
2001.12.05 05:11 B C:\Documents and Settings\sgaston\Desktop\newA6\a6-working\IMAGE\bejforwin.bmp --> aludra.usc.edu /auto/home-scf-23/sgaston/newA6/a6-working/IMAGE bejforwin.bmp
2001.12.05 05:11 B C:\Documents and Settings\sgaston\Desktop\newA6\a6-working\IMAGE\BGMAIN.BMP --> aludra.usc.edu /auto/home-scf-23/sgaston/newA6/a6-working/IMAGE BGMAIN.BMP
2001.12.05 05:11 B C:\Documents and Settings\sgaston\Desktop\newA6\a6-working\IMAGE\bitmap1.bmp --> aludra.usc.edu /auto/home-scf-23/sgaston/newA6/a6-working/IMAGE bitmap1.bmp
2001.12.05 05:11 B C:\Documents and Settings\sgaston\Desktop\newA6\a6-working\IMAGE\bitmap2.bmp --> aludra.usc.edu /auto/home-scf-23/sgaston/newA6/a6-working/IMAGE bitmap2.bmp
2001.12.05 05:11 B C:\Documents and Settings\sgaston\Desktop\newA6\a6-working\IMAGE\bitmap3.bmp --> aludra.usc.edu /auto/home-scf-23/sgaston/newA6/a6-working/IMAGE bitmap3.bmp
2001.12.05 05:11 B C:\Documents and Settings\sgaston\Desktop\newA6\a6-working\IMAGE\BITMAP6.BMP --> aludra.usc.edu /auto/home-scf-23/sgaston/newA6/a6-working/IMAGE BITMAP6.BMP
2001.12.05 05:11 B C:\Documents and Settings\sgaston\Desktop\newA6\a6-working\IMAGE\CURSOR.BMP --> aludra.usc.edu /auto/home-scf-23/sgaston/newA6/a6-working/IMAGE CURSOR.BMP
2001.12.05 05:11 B C:\Documents and Settings\sgaston\Desktop\newA6\a6-working\IMAGE\GEM1.BMP --> aludra.usc.edu /auto/home-scf-23/sgaston/newA6/a6-working/IMAGE GEM1.BMP
2001.12.05 05:11 B C:\Documents and Settings\sgaston\Desktop\newA6\a6-working\IMAGE\GEM2.BMP --> aludra.usc.edu /auto/home-scf-23/sgaston/newA6/a6-working/IMAGE GEM2.BMP
2001.12.05 05:11 B C:\Documents and Settings\sgaston\Desktop\newA6\a6-working\IMAGE\GEM3.BMP --> aludra.usc.edu /auto/home-scf-23/sgaston/newA6/a6-working/IMAGE GEM3.BMP
2001.12.05 05:11 B C:\Documents and Settings\sgaston\Desktop\newA6\a6-working\IMAGE\GEM4.BMP --> aludra.usc.edu /auto/home-scf-23/sgaston/newA6/a6-working/IMAGE GEM4.BMP
2001.12.05 05:11 B C:\Documents and Settings\sgaston\Desktop\newA6\a6-working\IMAGE\GEM5.BMP --> aludra.usc.edu /auto/home-scf-23/sgaston/newA6/a6-working/IMAGE GEM5.BMP
2001.12.05 05:11 B C:\Documents and Settings\sgaston\Desktop\newA6\a6-working\IMAGE\GEM6.BMP --> aludra.usc.edu /auto/home-scf-23/sgaston/newA6/a6-working/IMAGE GEM6.BMP
2001.12.05 05:11 B C:\Documents and Settings\sgaston\Desktop\newA6\a6-working\IMAGE\GEM7.BMP --> aludra.usc.edu /auto/home-scf-23/sgaston/newA6/a6-working/IMAGE GEM7.BMP
2002.10.09 00:03 B C:\Documents and Settings\CSci - (steve)\Desktop\a6-working\IMAGE\WS_FTP.LOG <-- aludra.usc.edu /auto/home-scf-23/sgaston/newA6/a6-working/IMAGE WS_FTP.LOG
